This is pdfTeX, Version 3.1415926-2.4-1.40.13 (MiKTeX 2.9) (preloaded format=pdflatex 2012.7.26)  10 NOV 2012 05:12
entering extended mode
**main_doc.tex
(C:\Users\aha\Documents\LEdProjects\dissertation\main_doc.tex
LaTeX2e <2011/06/27>
Babel <v3.8m> and hyphenation patterns for english, afrikaans, ancientgreek, ar
abic, armenian, assamese, basque, bengali, bokmal, bulgarian, catalan, coptic, 
croatian, czech, danish, dutch, esperanto, estonian, farsi, finnish, french, ga
lician, german, german-x-2012-05-30, greek, gujarati, hindi, hungarian, iceland
ic, indonesian, interlingua, irish, italian, kannada, kurmanji, latin, latvian,
 lithuanian, malayalam, marathi, mongolian, mongolianlmc, monogreek, ngerman, n
german-x-2012-05-30, nynorsk, oriya, panjabi, pinyin, polish, portuguese, roman
ian, russian, sanskrit, serbian, slovak, slovenian, spanish, swedish, swissgerm
an, tamil, telugu, turkish, turkmen, ukenglish, ukrainian, uppersorbian, usengl
ishmax, welsh, loaded.
(C:\Users\aha\Documents\LEdProjects\dissertation\uwthesis.cls
Document Class: uwthesis 2012/06/19
\tf@not=\write3
("C:\Program Files (x86)\MiKTeX 2.9\tex\latex\base\book.cls"
Document Class: book 2007/10/19 v1.4h Standard LaTeX document class
("C:\Program Files (x86)\MiKTeX 2.9\tex\latex\base\bk11.clo"
File: bk11.clo 2007/10/19 v1.4h Standard LaTeX file (size option)
)
\c@part=\count79
\c@chapter=\count80
\c@section=\count81
\c@subsection=\count82
\c@subsubsection=\count83
\c@paragraph=\count84
\c@subparagraph=\count85
\c@figure=\count86
\c@table=\count87
\abovecaptionskip=\skip41
\belowcaptionskip=\skip42
\bibindent=\dimen102
)
\botmargin=\dimen103
\@@wholepage=\box26

Formatting for twoside printing.
\@Chair=\count88
\@Sign=\count89
\abs@savebox=\box27
) ("C:\Program Files (x86)\MiKTeX 2.9\tex\latex\type1cm\type1cm.sty"
Package: type1cm 2002/09/05 v0.04 BlueSky/Y&Y Type1 CM font definitions (DPC, p
atched RF)
)
("C:\Program Files (x86)\MiKTeX 2.9\tex\latex\eso-pic\eso-pic.sty"
Package: eso-pic 2010/10/06 v2.0c eso-pic (RN)

("C:\Program Files (x86)\MiKTeX 2.9\tex\generic\oberdiek\atbegshi.sty"
Package: atbegshi 2011/10/05 v1.16 At begin shipout hook (HO)

("C:\Program Files (x86)\MiKTeX 2.9\tex\generic\oberdiek\infwarerr.sty"
Package: infwarerr 2010/04/08 v1.3 Providing info/warning/error messages (HO)
)
("C:\Program Files (x86)\MiKTeX 2.9\tex\generic\oberdiek\ltxcmds.sty"
Package: ltxcmds 2011/11/09 v1.22 LaTeX kernel commands for general use (HO)
)
("C:\Program Files (x86)\MiKTeX 2.9\tex\generic\oberdiek\ifpdf.sty"
Package: ifpdf 2011/01/30 v2.3 Provides the ifpdf switch (HO)
Package ifpdf Info: pdfTeX in PDF mode is detected.
))
("C:\Program Files (x86)\MiKTeX 2.9\tex\latex\graphics\keyval.sty"
Package: keyval 1999/03/16 v1.13 key=value parser (DPC)
\KV@toks@=\toks14
)
("C:\Program Files (x86)\MiKTeX 2.9\tex\latex\xcolor\xcolor.sty"
Package: xcolor 2007/01/21 v2.11 LaTeX color extensions (UK)

("C:\Program Files (x86)\MiKTeX 2.9\tex\latex\00miktex\color.cfg"
File: color.cfg 2007/01/18 v1.5 color configuration of teTeX/TeXLive
)
Package xcolor Info: Driver file: pdftex.def on input line 225.

("C:\Program Files (x86)\MiKTeX 2.9\tex\latex\pdftex-def\pdftex.def"
File: pdftex.def 2011/05/27 v0.06d Graphics/color for pdfTeX
\Gread@gobject=\count90
)
Package xcolor Info: Model `cmy' substituted by `cmy0' on input line 1337.
Package xcolor Info: Model `hsb' substituted by `rgb' on input line 1341.
Package xcolor Info: Model `RGB' extended on input line 1353.
Package xcolor Info: Model `HTML' substituted by `rgb' on input line 1355.
Package xcolor Info: Model `Hsb' substituted by `hsb' on input line 1356.
Package xcolor Info: Model `tHsb' substituted by `hsb' on input line 1357.
Package xcolor Info: Model `HSB' substituted by `hsb' on input line 1358.
Package xcolor Info: Model `Gray' substituted by `gray' on input line 1359.
Package xcolor Info: Model `wave' substituted by `hsb' on input line 1360.
))
("C:\Program Files (x86)\MiKTeX 2.9\tex\latex\listings\listings.sty"
\lst@mode=\count91
\lst@gtempboxa=\box28
\lst@token=\toks15
\lst@length=\count92
\lst@currlwidth=\dimen104
\lst@column=\count93
\lst@pos=\count94
\lst@lostspace=\dimen105
\lst@width=\dimen106
\lst@newlines=\count95
\lst@lineno=\count96
\lst@maxwidth=\dimen107

("C:\Program Files (x86)\MiKTeX 2.9\tex\latex\listings\lstmisc.sty"
File: lstmisc.sty 2007/02/22 1.4 (Carsten Heinz)
\c@lstnumber=\count97
\lst@skipnumbers=\count98
\lst@framebox=\box29
)
("C:\Program Files (x86)\MiKTeX 2.9\tex\latex\listings\listings.cfg"
File: listings.cfg 2007/02/22 1.4 listings configuration
))
Package: listings 2007/02/22 1.4 (Carsten Heinz)

("C:\Program Files (x86)\MiKTeX 2.9\tex\latex\mdwtools\mdwlist.sty"
Package: mdwlist 1996/05/02 1.1 Various list-related things
)
("C:\Program Files (x86)\MiKTeX 2.9\tex\latex\mnsymbol\MnSymbol.sty"
Package: MnSymbol 2007/01/21 v1.4 support for the MnSymbol font

("C:\Program Files (x86)\MiKTeX 2.9\tex\latex\ams\math\amsmath.sty"
Package: amsmath 2000/07/18 v2.13 AMS math features
\@mathmargin=\skip43

For additional information on amsmath, use the `?' option.
("C:\Program Files (x86)\MiKTeX 2.9\tex\latex\ams\math\amstext.sty"
Package: amstext 2000/06/29 v2.01

("C:\Program Files (x86)\MiKTeX 2.9\tex\latex\ams\math\amsgen.sty"
File: amsgen.sty 1999/11/30 v2.0
\@emptytoks=\toks16
\ex@=\dimen108
))
("C:\Program Files (x86)\MiKTeX 2.9\tex\latex\ams\math\amsbsy.sty"
Package: amsbsy 1999/11/29 v1.2d
\pmbraise@=\dimen109
)
("C:\Program Files (x86)\MiKTeX 2.9\tex\latex\ams\math\amsopn.sty"
Package: amsopn 1999/12/14 v2.01 operator names
)
\inf@bad=\count99
LaTeX Info: Redefining \frac on input line 211.
\uproot@=\count100
\leftroot@=\count101
LaTeX Info: Redefining \overline on input line 307.
\classnum@=\count102
\DOTSCASE@=\count103
LaTeX Info: Redefining \ldots on input line 379.
LaTeX Info: Redefining \dots on input line 382.
LaTeX Info: Redefining \cdots on input line 467.
\Mathstrutbox@=\box30
\strutbox@=\box31
\big@size=\dimen110
LaTeX Font Info:    Redeclaring font encoding OML on input line 567.
LaTeX Font Info:    Redeclaring font encoding OMS on input line 568.
\macc@depth=\count104
\c@MaxMatrixCols=\count105
\dotsspace@=\muskip10
\c@parentequation=\count106
\dspbrk@lvl=\count107
\tag@help=\toks17
\row@=\count108
\column@=\count109
\maxfields@=\count110
\andhelp@=\toks18
\eqnshift@=\dimen111
\alignsep@=\dimen112
\tagshift@=\dimen113
\tagwidth@=\dimen114
\totwidth@=\dimen115
\lineht@=\dimen116
\@envbody=\toks19
\multlinegap=\skip44
\multlinetaggap=\skip45
\mathdisplay@stack=\toks20
LaTeX Info: Redefining \[ on input line 2666.
LaTeX Info: Redefining \] on input line 2667.
)
("C:\Program Files (x86)\MiKTeX 2.9\tex\latex\base\textcomp.sty"
Package: textcomp 2005/09/27 v1.99g Standard LaTeX package
Package textcomp Info: Sub-encoding information:
(textcomp)               5 = only ISO-Adobe without \textcurrency
(textcomp)               4 = 5 + \texteuro
(textcomp)               3 = 4 + \textohm
(textcomp)               2 = 3 + \textestimated + \textcurrency
(textcomp)               1 = TS1 - \textcircled - \t
(textcomp)               0 = TS1 (full)
(textcomp)             Font families with sub-encoding setting implement
(textcomp)             only a restricted character set as indicated.
(textcomp)             Family '?' is the default used for unknown fonts.
(textcomp)             See the documentation for details.
Package textcomp Info: Setting ? sub-encoding to TS1/1 on input line 71.

("C:\Program Files (x86)\MiKTeX 2.9\tex\latex\base\ts1enc.def"
File: ts1enc.def 2001/06/05 v3.0e (jk/car/fm) Standard LaTeX file
)
LaTeX Info: Redefining \oldstylenums on input line 266.
Package textcomp Info: Setting cmr sub-encoding to TS1/0 on input line 281.
Package textcomp Info: Setting cmss sub-encoding to TS1/0 on input line 282.
Package textcomp Info: Setting cmtt sub-encoding to TS1/0 on input line 283.
Package textcomp Info: Setting cmvtt sub-encoding to TS1/0 on input line 284.
Package textcomp Info: Setting cmbr sub-encoding to TS1/0 on input line 285.
Package textcomp Info: Setting cmtl sub-encoding to TS1/0 on input line 286.
Package textcomp Info: Setting ccr sub-encoding to TS1/0 on input line 287.
Package textcomp Info: Setting ptm sub-encoding to TS1/4 on input line 288.
Package textcomp Info: Setting pcr sub-encoding to TS1/4 on input line 289.
Package textcomp Info: Setting phv sub-encoding to TS1/4 on input line 290.
Package textcomp Info: Setting ppl sub-encoding to TS1/3 on input line 291.
Package textcomp Info: Setting pag sub-encoding to TS1/4 on input line 292.
Package textcomp Info: Setting pbk sub-encoding to TS1/4 on input line 293.
Package textcomp Info: Setting pnc sub-encoding to TS1/4 on input line 294.
Package textcomp Info: Setting pzc sub-encoding to TS1/4 on input line 295.
Package textcomp Info: Setting bch sub-encoding to TS1/4 on input line 296.
Package textcomp Info: Setting put sub-encoding to TS1/5 on input line 297.
Package textcomp Info: Setting uag sub-encoding to TS1/5 on input line 298.
Package textcomp Info: Setting ugq sub-encoding to TS1/5 on input line 299.
Package textcomp Info: Setting ul8 sub-encoding to TS1/4 on input line 300.
Package textcomp Info: Setting ul9 sub-encoding to TS1/4 on input line 301.
Package textcomp Info: Setting augie sub-encoding to TS1/5 on input line 302.
Package textcomp Info: Setting dayrom sub-encoding to TS1/3 on input line 303.
Package textcomp Info: Setting dayroms sub-encoding to TS1/3 on input line 304.

Package textcomp Info: Setting pxr sub-encoding to TS1/0 on input line 305.
Package textcomp Info: Setting pxss sub-encoding to TS1/0 on input line 306.
Package textcomp Info: Setting pxtt sub-encoding to TS1/0 on input line 307.
Package textcomp Info: Setting txr sub-encoding to TS1/0 on input line 308.
Package textcomp Info: Setting txss sub-encoding to TS1/0 on input line 309.
Package textcomp Info: Setting txtt sub-encoding to TS1/0 on input line 310.
Package textcomp Info: Setting lmr sub-encoding to TS1/0 on input line 311.
Package textcomp Info: Setting lmdh sub-encoding to TS1/0 on input line 312.
Package textcomp Info: Setting lmss sub-encoding to TS1/0 on input line 313.
Package textcomp Info: Setting lmssq sub-encoding to TS1/0 on input line 314.
Package textcomp Info: Setting lmvtt sub-encoding to TS1/0 on input line 315.
Package textcomp Info: Setting qhv sub-encoding to TS1/0 on input line 316.
Package textcomp Info: Setting qag sub-encoding to TS1/0 on input line 317.
Package textcomp Info: Setting qbk sub-encoding to TS1/0 on input line 318.
Package textcomp Info: Setting qcr sub-encoding to TS1/0 on input line 319.
Package textcomp Info: Setting qcs sub-encoding to TS1/0 on input line 320.
Package textcomp Info: Setting qpl sub-encoding to TS1/0 on input line 321.
Package textcomp Info: Setting qtm sub-encoding to TS1/0 on input line 322.
Package textcomp Info: Setting qzc sub-encoding to TS1/0 on input line 323.
Package textcomp Info: Setting qhvc sub-encoding to TS1/0 on input line 324.
Package textcomp Info: Setting futs sub-encoding to TS1/4 on input line 325.
Package textcomp Info: Setting futx sub-encoding to TS1/4 on input line 326.
Package textcomp Info: Setting futj sub-encoding to TS1/4 on input line 327.
Package textcomp Info: Setting hlh sub-encoding to TS1/3 on input line 328.
Package textcomp Info: Setting hls sub-encoding to TS1/3 on input line 329.
Package textcomp Info: Setting hlst sub-encoding to TS1/3 on input line 330.
Package textcomp Info: Setting hlct sub-encoding to TS1/5 on input line 331.
Package textcomp Info: Setting hlx sub-encoding to TS1/5 on input line 332.
Package textcomp Info: Setting hlce sub-encoding to TS1/5 on input line 333.
Package textcomp Info: Setting hlcn sub-encoding to TS1/5 on input line 334.
Package textcomp Info: Setting hlcw sub-encoding to TS1/5 on input line 335.
Package textcomp Info: Setting hlcf sub-encoding to TS1/5 on input line 336.
Package textcomp Info: Setting pplx sub-encoding to TS1/3 on input line 337.
Package textcomp Info: Setting pplj sub-encoding to TS1/3 on input line 338.
Package textcomp Info: Setting ptmx sub-encoding to TS1/4 on input line 339.
Package textcomp Info: Setting ptmj sub-encoding to TS1/4 on input line 340.
)
("C:\Program Files (x86)\MiKTeX 2.9\tex\latex\amsfonts\eufrak.sty"
Package: eufrak 2009/06/22 v3.00 Euler Fraktur fonts
LaTeX Font Info:    Overwriting math alphabet `\EuFrak' in version `bold'
(Font)                  U/euf/m/n --> U/euf/b/n on input line 39.
)
LaTeX Info: Redefining \dagger on input line 84.
LaTeX Info: Redefining \ddagger on input line 84.
LaTeX Info: Redefining \mathparagraph on input line 84.
LaTeX Info: Redefining \mathsection on input line 84.
LaTeX Info: Redefining \mathdollar on input line 84.
LaTeX Info: Redefining \mathsterling on input line 84.
LaTeX Info: Redefining \Re on input line 84.
LaTeX Info: Redefining \Im on input line 84.
\symMnSyA=\mathgroup4
\symMnSyB=\mathgroup5
\symMnSyC=\mathgroup6
\symMnSyD=\mathgroup7
LaTeX Font Info:    Redeclaring symbol font `largesymbols' on input line 119.
LaTeX Font Info:    Overwriting symbol font `largesymbols' in version `normal'
(Font)                  OMX/cmex/m/n --> OMX/MnSymbolE/m/n on input line 119.
LaTeX Font Info:    Overwriting symbol font `largesymbols' in version `bold'
(Font)                  OMX/cmex/m/n --> OMX/MnSymbolE/m/n on input line 119.
LaTeX Font Info:    Redeclaring symbol font `symbols' on input line 120.
LaTeX Font Info:    Encoding `OMS' has changed to `U' for symbol font
(Font)              `symbols' in the math version `normal' on input line 120.
LaTeX Font Info:    Overwriting symbol font `symbols' in version `normal'
(Font)                  OMS/cmsy/m/n --> U/MnSymbolF/m/n on input line 120.
LaTeX Font Info:    Encoding `OMS' has changed to `U' for symbol font
(Font)              `symbols' in the math version `bold' on input line 120.
LaTeX Font Info:    Overwriting symbol font `symbols' in version `bold'
(Font)                  OMS/cmsy/b/n --> U/MnSymbolF/m/n on input line 120.
LaTeX Font Info:    Overwriting symbol font `MnSyA' in version `bold'
(Font)                  U/MnSymbolA/m/n --> U/MnSymbolA/b/n on input line 121.
LaTeX Font Info:    Overwriting symbol font `MnSyB' in version `bold'
(Font)                  U/MnSymbolB/m/n --> U/MnSymbolB/b/n on input line 122.
LaTeX Font Info:    Overwriting symbol font `MnSyC' in version `bold'
(Font)                  U/MnSymbolC/m/n --> U/MnSymbolC/b/n on input line 123.
LaTeX Font Info:    Overwriting symbol font `MnSyD' in version `bold'
(Font)                  U/MnSymbolD/m/n --> U/MnSymbolD/b/n on input line 124.
LaTeX Font Info:    Overwriting symbol font `largesymbols' in version `bold'
(Font)                  OMX/MnSymbolE/m/n --> OMX/MnSymbolE/b/n on input line 1
25.
LaTeX Font Info:    Overwriting symbol font `symbols' in version `bold'
(Font)                  U/MnSymbolF/m/n --> U/MnSymbolF/b/n on input line 126.
LaTeX Font Info:    Redeclaring math alphabet \mathcal on input line 241.
LaTeX Font Info:    Overwriting math alphabet `\mathcal' in version `bold'
(Font)                  OMS/MnSymbolS/m/n --> OMS/MnSymbolS/b/n on input line 2
41.
LaTeX Info: Redefining \longrightarrow on input line 548.
LaTeX Info: Redefining \longleftarrow on input line 549.
LaTeX Info: Redefining \longleftrightarrow on input line 550.
LaTeX Info: Redefining \Longrightarrow on input line 551.
LaTeX Info: Redefining \Longleftarrow on input line 552.
LaTeX Info: Redefining \Longleftrightarrow on input line 553.
LaTeX Info: Redefining \longmapsto on input line 554.
LaTeX Info: Redefining \vdots on input line 868.
LaTeX Font Info:    Redeclaring math symbol \braceld on input line 1721.
LaTeX Font Info:    Redeclaring math symbol \bracelu on input line 1722.
LaTeX Font Info:    Redeclaring math symbol \bracerd on input line 1723.
LaTeX Font Info:    Redeclaring math symbol \braceru on input line 1724.
LaTeX Info: Redefining \downbracefill on input line 1799.
LaTeX Info: Redefining \upbracefill on input line 1800.
LaTeX Info: Redefining \overbrace on input line 1819.
LaTeX Info: Redefining \underbrace on input line 1820.
LaTeX Info: Redefining \surd on input line 1843.
LaTeX Font Info:    Redeclaring math accent \widehat on input line 1845.
LaTeX Font Info:    Redeclaring math accent \widetilde on input line 1846.
LaTeX Font Info:    Redeclaring math accent \vec on input line 1848.
)
("C:\Program Files (x86)\MiKTeX 2.9\tex\latex\hyperref\hyperref.sty"
Package: hyperref 2012/05/13 v6.82q Hypertext links for LaTeX

("C:\Program Files (x86)\MiKTeX 2.9\tex\generic\oberdiek\hobsub-hyperref.sty"
Package: hobsub-hyperref 2012/04/25 v1.12 Bundle oberdiek, subset hyperref (HO)


("C:\Program Files (x86)\MiKTeX 2.9\tex\generic\oberdiek\hobsub-generic.sty"
Package: hobsub-generic 2012/04/25 v1.12 Bundle oberdiek, subset generic (HO)
Package: hobsub 2012/04/25 v1.12 Construct package bundles (HO)
Package hobsub Info: Skipping package `infwarerr' (already loaded).
Package hobsub Info: Skipping package `ltxcmds' (already loaded).
Package: ifluatex 2010/03/01 v1.3 Provides the ifluatex switch (HO)
Package ifluatex Info: LuaTeX not detected.
Package: ifvtex 2010/03/01 v1.5 Detect VTeX and its facilities (HO)
Package ifvtex Info: VTeX not detected.
Package: intcalc 2007/09/27 v1.1 Expandable calculations with integers (HO)
Package hobsub Info: Skipping package `ifpdf' (already loaded).
Package: etexcmds 2011/02/16 v1.5 Avoid name clashes with e-TeX commands (HO)
Package etexcmds Info: Could not find \expanded.
(etexcmds)             That can mean that you are not using pdfTeX 1.50 or
(etexcmds)             that some package has redefined \expanded.
(etexcmds)             In the latter case, load this package earlier.
Package: kvsetkeys 2012/04/25 v1.16 Key value parser (HO)
Package: kvdefinekeys 2011/04/07 v1.3 Define keys (HO)
Package: pdftexcmds 2011/11/29 v0.20 Utility functions of pdfTeX for LuaTeX (HO
)
Package pdftexcmds Info: LuaTeX not detected.
Package pdftexcmds Info: \pdf@primitive is available.
Package pdftexcmds Info: \pdf@ifprimitive is available.
Package pdftexcmds Info: \pdfdraftmode found.
Package: pdfescape 2011/11/25 v1.13 Implements pdfTeX's escape features (HO)
Package: bigintcalc 2012/04/08 v1.3 Expandable calculations on big integers (HO
)
Package: bitset 2011/01/30 v1.1 Handle bit-vector datatype (HO)
Package: uniquecounter 2011/01/30 v1.2 Provide unlimited unique counter (HO)
)
Package hobsub Info: Skipping package `hobsub' (already loaded).
Package: letltxmacro 2010/09/02 v1.4 Let assignment for LaTeX macros (HO)
Package: hopatch 2011/06/24 v1.1 Wrapper for package hooks (HO)
Package: xcolor-patch 2011/01/30 xcolor patch
Package: atveryend 2011/06/30 v1.8 Hooks at the very end of document (HO)
Package atveryend Info: \enddocument detected (standard20110627).
Package hobsub Info: Skipping package `atbegshi' (already loaded).
Package: refcount 2011/10/16 v3.4 Data extraction from label references (HO)
Package: hycolor 2011/01/30 v1.7 Color options for hyperref/bookmark (HO)
)
("C:\Program Files (x86)\MiKTeX 2.9\tex\generic\ifxetex\ifxetex.sty"
Package: ifxetex 2010/09/12 v0.6 Provides ifxetex conditional
)
("C:\Program Files (x86)\MiKTeX 2.9\tex\latex\oberdiek\kvoptions.sty"
Package: kvoptions 2011/06/30 v3.11 Key value format for package options (HO)
)
\@linkdim=\dimen117
\Hy@linkcounter=\count111
\Hy@pagecounter=\count112

("C:\Program Files (x86)\MiKTeX 2.9\tex\latex\hyperref\pd1enc.def"
File: pd1enc.def 2012/05/13 v6.82q Hyperref: PDFDocEncoding definition (HO)
)
\Hy@SavedSpaceFactor=\count113

("C:\Program Files (x86)\MiKTeX 2.9\tex\latex\00miktex\hyperref.cfg"
File: hyperref.cfg 2002/06/06 v1.2 hyperref configuration of TeXLive
)
Package hyperref Info: Hyper figures OFF on input line 4062.
Package hyperref Info: Link nesting OFF on input line 4067.
Package hyperref Info: Hyper index ON on input line 4070.
Package hyperref Info: Plain pages OFF on input line 4077.
Package hyperref Info: Backreferencing OFF on input line 4082.
Package hyperref Info: Implicit mode ON; LaTeX internals redefined.
Package hyperref Info: Bookmarks ON on input line 4300.
\c@Hy@tempcnt=\count114

("C:\Program Files (x86)\MiKTeX 2.9\tex\latex\ltxmisc\url.sty"
\Urlmuskip=\muskip11
Package: url 2006/04/12  ver 3.3  Verb mode for urls, etc.
)
LaTeX Info: Redefining \url on input line 4653.
\Fld@menulength=\count115
\Field@Width=\dimen118
\Fld@charsize=\dimen119
Package hyperref Info: Hyper figures OFF on input line 5773.
Package hyperref Info: Link nesting OFF on input line 5778.
Package hyperref Info: Hyper index ON on input line 5781.
Package hyperref Info: backreferencing OFF on input line 5788.
Package hyperref Info: Link coloring OFF on input line 5793.
Package hyperref Info: Link coloring with OCG OFF on input line 5798.
Package hyperref Info: PDF/A mode OFF on input line 5803.
LaTeX Info: Redefining \ref on input line 5843.
LaTeX Info: Redefining \pageref on input line 5847.
\Hy@abspage=\count116
\c@Item=\count117
\c@Hfootnote=\count118
)

Package hyperref Message: Driver (autodetected): hpdftex.

("C:\Program Files (x86)\MiKTeX 2.9\tex\latex\hyperref\hpdftex.def"
File: hpdftex.def 2012/05/13 v6.82q Hyperref driver for pdfTeX
\Fld@listcount=\count119
\c@bookmark@seq@number=\count120

("C:\Program Files (x86)\MiKTeX 2.9\tex\latex\oberdiek\rerunfilecheck.sty"
Package: rerunfilecheck 2011/04/15 v1.7 Rerun checks for auxiliary files (HO)
Package uniquecounter Info: New unique counter `rerunfilecheck' on input line 2
82.
)
\Hy@SectionHShift=\skip46
)
("C:\Program Files (x86)\MiKTeX 2.9\tex\latex\fancyhdr\fancyhdr.sty"
\fancy@headwidth=\skip47
\f@ncyO@elh=\skip48
\f@ncyO@erh=\skip49
\f@ncyO@olh=\skip50
\f@ncyO@orh=\skip51
\f@ncyO@elf=\skip52
\f@ncyO@erf=\skip53
\f@ncyO@olf=\skip54
\f@ncyO@orf=\skip55
)
("C:\Program Files (x86)\MiKTeX 2.9\tex\latex\setspace\setspace.sty"
Package: setspace 2011/12/19 v6.7a set line spacing
)
("C:\Program Files (x86)\MiKTeX 2.9\tex\latex\units\nicefrac.sty"
Package: nicefrac 1998/08/04 v0.9b Nice fractions
\L@UnitsRaiseDisplaystyle=\skip56
\L@UnitsRaiseTextstyle=\skip57
\L@UnitsRaiseScriptstyle=\skip58

("C:\Program Files (x86)\MiKTeX 2.9\tex\latex\base\ifthen.sty"
Package: ifthen 2001/05/26 v1.1c Standard LaTeX ifthen package (DPC)
))
("C:\Program Files (x86)\MiKTeX 2.9\tex\latex\sidecap\sidecap.sty"
Package: sidecap 2003/06/06 v1.6f SideCap Package (RN/HjG)
\SC@BOXWD=\dimen120
\SC@CAPWD=\dimen121
\SC@tempdima=\dimen122
\SC@tempdimb=\dimen123
\c@SC@C=\count121
\SC@BOX=\box32
)
("C:\Program Files (x86)\MiKTeX 2.9\tex\latex\titlesec\titlesec.sty"
Package: titlesec 2011/12/15 v2.10.0 Sectioning titles
\ttl@box=\box33
\beforetitleunit=\skip59
\aftertitleunit=\skip60
\ttl@plus=\dimen124
\ttl@minus=\dimen125
\ttl@toksa=\toks21
\titlewidth=\dimen126
\titlewidthlast=\dimen127
\titlewidthfirst=\dimen128
)
("C:\Program Files (x86)\MiKTeX 2.9\tex\latex\pdfpages\pdfpages.sty"
Package: pdfpages 2012/04/03 v0.4s Insert pages of external PDF documents (AM)

("C:\Program Files (x86)\MiKTeX 2.9\tex\latex\tools\calc.sty"
Package: calc 2007/08/22 v4.3 Infix arithmetic (KKT,FJ)
\calc@Acount=\count122
\calc@Bcount=\count123
\calc@Adimen=\dimen129
\calc@Bdimen=\dimen130
\calc@Askip=\skip61
\calc@Bskip=\skip62
LaTeX Info: Redefining \setlength on input line 76.
LaTeX Info: Redefining \addtolength on input line 77.
\calc@Ccount=\count124
\calc@Cskip=\skip63
)
("C:\Program Files (x86)\MiKTeX 2.9\tex\latex\graphics\graphicx.sty"
Package: graphicx 1999/02/16 v1.0f Enhanced LaTeX Graphics (DPC,SPQR)

("C:\Program Files (x86)\MiKTeX 2.9\tex\latex\graphics\graphics.sty"
Package: graphics 2009/02/05 v1.0o Standard LaTeX Graphics (DPC,SPQR)

("C:\Program Files (x86)\MiKTeX 2.9\tex\latex\graphics\trig.sty"
Package: trig 1999/03/16 v1.09 sin cos tan (DPC)
)
("C:\Program Files (x86)\MiKTeX 2.9\tex\latex\00miktex\graphics.cfg"
File: graphics.cfg 2007/01/18 v1.5 graphics configuration of teTeX/TeXLive
)
Package graphics Info: Driver file: pdftex.def on input line 91.
)
\Gin@req@height=\dimen131
\Gin@req@width=\dimen132
)
("C:\Program Files (x86)\MiKTeX 2.9\tex\latex\pdfpages\pppdftex.def"
File: pppdftex.def 2012/04/03 v0.4s Pdfpages driver for pdfTeX (AM)
)
\AM@pagebox=\box34
\AM@toc@title=\toks22
\c@AM@survey=\count125
\AM@templatesizebox=\box35
)
("C:\Program Files (x86)\MiKTeX 2.9\tex\latex\natbib\natbib.sty"
Package: natbib 2010/09/13 8.31b (PWD, AO)
\bibhang=\skip64
\bibsep=\skip65
LaTeX Info: Redefining \cite on input line 694.
\c@NAT@ctr=\count126
)
("C:\Program Files (x86)\MiKTeX 2.9\tex\latex\floatrow\floatrow.sty"
Package: floatrow 2008/08/02 v0.3b floatrow: float package extension

("C:\Program Files (x86)\MiKTeX 2.9\tex\latex\caption\caption3.sty"
Package: caption3 2012/01/12 v1.4b caption3 kernel (AR)
\captionmargin=\dimen133
\captionmargin@=\dimen134
\captionwidth=\dimen135
\caption@indent=\dimen136
\caption@parindent=\dimen137
\caption@hangindent=\dimen138
)
\c@float@type=\count127
\float@exts=\toks23
\float@box=\box36
\@floatcapt=\box37
Package floatrow Info: Modified float package code loaded on input line 455.
Package floatrow Info: Modified rotfloat package code loaded on input line 473.

\FR@everyfloat=\toks24
\flrow@foot=\insert233
\FB@wd=\dimen139
\FBo@wd=\dimen140
\FBc@wd=\dimen141
\FBo@ht=\skip66
\FBc@ht=\skip67
\FBf@ht=\skip68
\FBo@max=\skip69
\FBc@max=\skip70
\FBf@max=\skip71
\c@FBl@b=\count128
\floatbox@depth=\count129
\c@FRobj=\count130
\c@FRsobj=\count131
\Xhsize=\skip72
\sXhsize=\skip73
\Zhsize=\skip74
\sZhsize=\skip75
\flrow@rowbox=\box38
\FR@Zunitlength=\dimen142
\c@FBcnt=\count132
\FPOScnt=\count133
\LTleft=\skip76
\LTright=\skip77
\LTleft=\skip78
\LTright=\skip79
\flrow@types=\toks25
)
("C:\Program Files (x86)\MiKTeX 2.9\tex\latex\caption\caption.sty"
Package: caption 2012/02/19 v3.2f Customizing captions (AR)
\c@ContinuedFloat=\count134
Package caption Info: float package is loaded.
Package caption Info: floatrow package is loaded.
Package caption Info: hyperref package is loaded.
Package caption Info: listings package is loaded.
Package caption Info: sidecap package is loaded.
)
("C:\Program Files (x86)\MiKTeX 2.9\tex\latex\caption\subcaption.sty"
Package: subcaption 2012/01/12 v1.1d Sub-captions (AR)
\c@subfigure=\count135
\c@subtable=\count136
)
("C:\Program Files (x86)\MiKTeX 2.9\tex\latex\rotating\rotating.sty"
Package: rotating 2009/03/28 v2.16a rotated objects in LaTeX
\c@r@tfl@t=\count137
\rotFPtop=\skip80
\rotFPbot=\skip81
\rot@float@box=\box39
\rot@mess@toks=\toks26
)
("C:\Program Files (x86)\MiKTeX 2.9\tex\latex\booktabs\booktabs.sty"
Package: booktabs 2005/04/14 v1.61803 publication quality tables
\heavyrulewidth=\dimen143
\lightrulewidth=\dimen144
\cmidrulewidth=\dimen145
\belowrulesep=\dimen146
\belowbottomsep=\dimen147
\aboverulesep=\dimen148
\abovetopsep=\dimen149
\cmidrulesep=\dimen150
\cmidrulekern=\dimen151
\defaultaddspace=\dimen152
\@cmidla=\count138
\@cmidlb=\count139
\@aboverulesep=\dimen153
\@belowrulesep=\dimen154
\@thisruleclass=\count140
\@lastruleclass=\count141
\@thisrulewidth=\dimen155
)
("C:\Program Files (x86)\MiKTeX 2.9\tex\latex\tools\tabularx.sty"
Package: tabularx 1999/01/07 v2.07 `tabularx' package (DPC)

("C:\Program Files (x86)\MiKTeX 2.9\tex\latex\tools\array.sty"
Package: array 2008/09/09 v2.4c Tabular extension package (FMi)
\col@sep=\dimen156
\extrarowheight=\dimen157
\NC@list=\toks27
\extratabsurround=\skip82
\backup@length=\skip83
)
\TX@col@width=\dimen158
\TX@old@table=\dimen159
\TX@old@col=\dimen160
\TX@target=\dimen161
\TX@delta=\dimen162
\TX@cols=\count142
\TX@ftn=\toks28
)
("C:\Program Files (x86)\MiKTeX 2.9\tex\latex\multirow\multirow.sty"
\bigstrutjot=\dimen163
)
("C:\Program Files (x86)\MiKTeX 2.9\tex\latex\base\alltt.sty"
Package: alltt 1997/06/16 v2.0g defines alltt environment
)
("C:\Program Files (x86)\MiKTeX 2.9\tex\latex\psnfss\palatino.sty"
Package: palatino 2005/04/12 PSNFSS-v9.2a (SPQR) 
)
(C:\Users\aha\Documents\LEdProjects\dissertation\main_doc.aux)
LaTeX Font Info:    Checking defaults for OML/cmm/m/it on input line 156.
LaTeX Font Info:    ... okay on input line 156.
LaTeX Font Info:    Checking defaults for T1/cmr/m/n on input line 156.
LaTeX Font Info:    ... okay on input line 156.
LaTeX Font Info:    Checking defaults for OT1/cmr/m/n on input line 156.
LaTeX Font Info:    ... okay on input line 156.
LaTeX Font Info:    Checking defaults for OMS/cmsy/m/n on input line 156.
LaTeX Font Info:    ... okay on input line 156.
LaTeX Font Info:    Checking defaults for OMX/cmex/m/n on input line 156.
LaTeX Font Info:    ... okay on input line 156.
LaTeX Font Info:    Checking defaults for U/cmr/m/n on input line 156.
LaTeX Font Info:    ... okay on input line 156.
LaTeX Font Info:    Checking defaults for TS1/cmr/m/n on input line 156.
LaTeX Font Info:    Try loading font information for TS1+cmr on input line 156.


("C:\Program Files (x86)\MiKTeX 2.9\tex\latex\base\ts1cmr.fd"
File: ts1cmr.fd 1999/05/25 v2.5h Standard LaTeX font definitions
)
LaTeX Font Info:    ... okay on input line 156.
LaTeX Font Info:    Checking defaults for PD1/pdf/m/n on input line 156.
LaTeX Font Info:    ... okay on input line 156.
LaTeX Font Info:    Try loading font information for OT1+ppl on input line 156.


("C:\Program Files (x86)\MiKTeX 2.9\tex\latex\psnfss\ot1ppl.fd"
File: ot1ppl.fd 2001/06/04 font definitions for OT1/ppl.
)
\AtBeginShipoutBox=\box40

("C:\Program Files (x86)\MiKTeX 2.9\tex\context\base\supp-pdf.mkii"
[Loading MPS to PDF converter (version 2006.09.02).]
\scratchcounter=\count143
\scratchdimen=\dimen164
\scratchbox=\box41
\nofMPsegments=\count144
\nofMParguments=\count145
\everyMPshowfont=\toks29
\MPscratchCnt=\count146
\MPscratchDim=\dimen165
\MPnumerator=\count147
\makeMPintoPDFobject=\count148
\everyMPtoPDFconversion=\toks30
)
\c@lstlisting=\count149
Package hyperref Info: Link coloring OFF on input line 156.
 ("C:\Program Files (x86)\MiKTeX 2.9\tex\latex\hyperref\nameref.sty"
Package: nameref 2010/04/30 v2.40 Cross-referencing by name of section

("C:\Program Files (x86)\MiKTeX 2.9\tex\generic\oberdiek\gettitlestring.sty"
Package: gettitlestring 2010/12/03 v1.4 Cleanup title references (HO)
)
\c@section@level=\count150
)
LaTeX Info: Redefining \ref on input line 156.
LaTeX Info: Redefining \pageref on input line 156.
LaTeX Info: Redefining \nameref on input line 156.

(C:\Users\aha\Documents\LEdProjects\dissertation\main_doc.out)
(C:\Users\aha\Documents\LEdProjects\dissertation\main_doc.out)
\@outlinefile=\write4

("C:\Program Files (x86)\MiKTeX 2.9\tex\latex\ms\ragged2e.sty"
Package: ragged2e 2009/05/21 v2.1 ragged2e Package (MS)

("C:\Program Files (x86)\MiKTeX 2.9\tex\latex\ms\everysel.sty"
Package: everysel 2011/10/28 v1.2 EverySelectfont Package (MS)

ABD: EverySelectfont initializing macros
LaTeX Info: Redefining \selectfont on input line 126.
)
\CenteringLeftskip=\skip84
\RaggedLeftLeftskip=\skip85
\RaggedRightLeftskip=\skip86
\CenteringRightskip=\skip87
\RaggedLeftRightskip=\skip88
\RaggedRightRightskip=\skip89
\CenteringParfillskip=\skip90
\RaggedLeftParfillskip=\skip91
\RaggedRightParfillskip=\skip92
\JustifyingParfillskip=\skip93
\CenteringParindent=\skip94
\RaggedLeftParindent=\skip95
\RaggedRightParindent=\skip96
\JustifyingParindent=\skip97
)
Package caption Info: Begin \AtBeginDocument code.
Package caption Info: rotating package is loaded.
Package caption Info: End \AtBeginDocument code.
 [-1


{C:/ProgramData/MiKTeX/2.9/pdftex/config/pdftex.map}]pdfTeX warning (ext4): des
tination with the same identifier (name{page.}) has been already used, duplicat
e ignored
<to be read again> 
                   \relax 
l.224 }
        [0

]
LaTeX Font Info:    Font shape `OT1/ppl/bx/n' in size <10.95> not available
(Font)              Font shape `OT1/ppl/b/n' tried instead on input line 224.
 [1] [2]
LaTeX Font Info:    Font shape `OT1/ppl/bx/n' in size <20.74> not available
(Font)              Font shape `OT1/ppl/b/n' tried instead on input line 229.
LaTeX Font Info:    Font shape `OT1/ppl/bx/n' in size <24.88> not available
(Font)              Font shape `OT1/ppl/b/n' tried instead on input line 229.

(C:\Users\aha\Documents\LEdProjects\dissertation\main_doc.tocpdfTeX warning (ex
t4): destination with the same identifier (name{page.i}) has been already used,
 duplicate ignored
<to be read again> 
                   \relax 
l.23 ...fChapter \ 3:}Related Work}{13}{chapter.3}
                                                   [1



]pdfTeX warning (ext4): destination with the same identifier (name{page.ii}) ha
s been already used, duplicate ignored
<to be read again> 
                   \relax 
l.79 ...erline {5.1}Introduction}{78}{section.5.1}
                                                   [2] [3] [4])
\tf@toc=\write5
 [5] [6

]
(C:\Users\aha\Documents\LEdProjects\dissertation\main_doc.lof [7])
\tf@lof=\write6
 [8]
(C:\Users\aha\Documents\LEdProjects\dissertation\main_doc.lot)
\tf@lot=\write7

(C:\Users\aha\Documents\LEdProjects\dissertation\glossary.tex [9

] [10

])
[11] [12

] [13] [14

] [15] [16


]
(C:\Users\aha\Documents\LEdProjects\dissertation\intro.tex
<<1>>
LaTeX Font Info:    Try loading font information for OT1+phv on input line 1.
("C:\Program Files (x86)\MiKTeX 2.9\tex\latex\psnfss\ot1phv.fd"
File: ot1phv.fd 2001/06/04 scalable font definitions for OT1/phv.
)
LaTeX Font Info:    Font shape `OT1/phv/bx/n' in size <90> not available
(Font)              Font shape `OT1/phv/b/n' tried instead on input line 1.
LaTeX Font Info:    Font shape `OT1/ppl/bx/n' in size <14.4> not available
(Font)              Font shape `OT1/ppl/b/n' tried instead on input line 5.
 [1

] [2]
Overfull \hbox (0.38145pt too wide) in paragraph at lines 20--22
\OT1/ppl/m/n/10.95 Pro-vid-ing sup-port for in-di-vid-u-als to in-su-late them-
selves from the en-vi-ron-ment and change
 []

[3]
Overfull \hbox (9.41547pt too wide) in paragraph at lines 31--32
\OT1/ppl/m/n/10.95 for ad-min-is-ter-ing be-hav-ior change pro-grams, es-pe-cia
lly around eat-ing be-hav-iors. In Septem-
 []


Underfull \vbox (badness 10000) has occurred while \output is active []

 [4])
(C:\Users\aha\Documents\LEdProjects\dissertation\background.tex
Underfull \vbox (badness 10000) has occurred while \output is active []

 [5]
[6]
<<2>>

Underfull \vbox (badness 10000) has occurred while \output is active []

 [7

]
LaTeX Font Info:    Font shape `OT1/ppl/bx/n' in size <12> not available
(Font)              Font shape `OT1/ppl/b/n' tried instead on input line 14.

[8]
Missing character: There is no ’ in font pplr7t!
Missing character: There is no ’ in font pplr7t!
 [9] [10] [11]
Missing character: There is no · in font pplr7t!
Missing character: There is no · in font pplr7t!
Missing character: There is no · in font pplr7t!
Missing character: There is no · in font pplr7t!
Missing character: There is no · in font pplr7t!
Missing character: There is no · in font pplr7t!

Underfull \vbox (badness 1509) has occurred while \output is active []

 [12])
(C:\Users\aha\Documents\LEdProjects\dissertation\relatedwork.tex [13] [14

]
<<3>>
[15] [16] [17] [18] [19] [20]
Overfull \hbox (4.5205pt too wide) in paragraph at lines 40--41
\OT1/ppl/m/n/10.95 of-reflection. Since it is un-clear how the pro-cess of self
-monitoring im-pacts be-hav-ior change,
 []


Overfull \hbox (16.98178pt too wide) in paragraph at lines 42--43
[]\OT1/ppl/m/n/10.95 Finally, image-based self-monitoring may have the same cha
l-lenges as tra-di-tional, nutrient-
 []

[21] [22]
Overfull \hbox (1755.2633pt too wide) in paragraph at lines 78--79
[][] 
 []


Underfull \vbox (badness 10000) has occurred while \output is active []

 [23]
[24]
Underfull \vbox (badness 10000) has occurred while \output is active []

 [25]
(C:\Users\aha\Documents\LEdProjects\dissertation\chap2_table.tex
Missing character: There is no ’ in font phvr7t!
Missing character: There is no “ in font phvr7t!
Missing character: There is no ” in font phvr7t!
Missing character: There is no “ in font phvr7t!
Missing character: There is no ” in font phvr7t!
Missing character: There is no · in font phvr7t!
Missing character: There is no   in font phvr7t!
Missing character: There is no   in font phvr7t!
Missing character: There is no   in font phvr7t!
Missing character: There is no   in font phvr7t!
Missing character: There is no   in font phvr7t!
Missing character: There is no   in font phvr7t!
Missing character: There is no   in font phvr7t!
Missing character: There is no   in font phvr7t!
Missing character: There is no · in font phvr7t!
Missing character: There is no   in font phvr7t!
Missing character: There is no   in font phvr7t!
Missing character: There is no   in font phvr7t!
Missing character: There is no   in font phvr7t!
Missing character: There is no   in font phvr7t!
Missing character: There is no   in font phvr7t!
Missing character: There is no   in font phvr7t!
Missing character: There is no   in font phvr7t!
Missing character: There is no · in font phvr7t!
Missing character: There is no   in font phvr7t!
Missing character: There is no   in font phvr7t!
Missing character: There is no   in font phvr7t!
Missing character: There is no   in font phvr7t!
Missing character: There is no   in font phvr7t!
Missing character: There is no   in font phvr7t!
Missing character: There is no   in font phvr7t!
Missing character: There is no   in font phvr7t!
Missing character: There is no ’ in font phvr7t!
Missing character: There is no ’ in font phvr7t!
Missing character: There is no “ in font phvr7t!
Missing character: There is no ” in font phvr7t!
Missing character: There is no “ in font phvr7t!
Missing character: There is no ” in font phvr7t!
Missing character: There is no “ in font phvr7t!
Missing character: There is no ” in font phvr7t!
Missing character: There is no “ in font phvr7t!
Missing character: There is no ” in font phvr7t!
Missing character: There is no “ in font phvr7t!
Missing character: There is no “ in font phvr7t!
Missing character: There is no ” in font phvr7t!
Missing character: There is no “ in font phvr7t!
Missing character: There is no ” in font phvr7t!
Missing character: There is no ’ in font phvr7t!
Missing character: There is no “ in font phvr7t!
Missing character: There is no ” in font phvr7t!
Missing character: There is no ’ in font phvr7t!
Missing character: There is no “ in font phvr7t!
Missing character: There is no ” in font phvr7t!
Missing character: There is no ’ in font phvr7t!
Missing character: There is no ’ in font phvr7t!

Overfull \hbox (7302.01016pt too wide) in paragraph at lines 6--29
 [][][][] 
 []

) [26] [27]
Overfull \hbox (1.29071pt too wide) in paragraph at lines 114--115
\OT1/ppl/m/n/10.95 triage ap-proach, spec-i-fy-ing whether a meal is healthy, u
n-healthy or un-known, and [[]Atienza
 []

[28] [29] [30] [31]) (C:\Users\aha\Documents\LEdProjects\dissertation\cont1.tex
[32]
<<4>>
[33

] [34]
Overfull \hbox (3.2173pt too wide) in paragraph at lines 24--25
[]\OT1/ppl/m/n/10.95 The first in-ves-ti-ga-tion fo-cused on the fuel-gauge vi-
su-al-iza-tion. The vi-su-al-iza-tion needed
 []

[35] <./images/cont1/Viz_1_1.png, id=1324, 242.9075pt x 248.93pt>
File: ./images/cont1/Viz_1_1.png Graphic file (type png)

<use ./images/cont1/Viz_1_1.png>
Package pdftex.def Info: ./images/cont1/Viz_1_1.png used on input line 41.
(pdftex.def)             Requested size: 90.3375pt x 92.57744pt.

Overfull \hbox (1.0pt too wide) in paragraph at lines 41--42
 [][] 
 []

<./images/cont1/Viz_1_2.png, id=1326, 242.9075pt x 248.93pt>
File: ./images/cont1/Viz_1_2.png Graphic file (type png)

<use ./images/cont1/Viz_1_2.png>
Package pdftex.def Info: ./images/cont1/Viz_1_2.png used on input line 49.
(pdftex.def)             Requested size: 90.3375pt x 92.57744pt.

Overfull \hbox (1.0pt too wide) in paragraph at lines 49--50
 [][] 
 []

<./images/cont1/Viz_1_3.png, id=1327, 242.9075pt x 248.93pt>
File: ./images/cont1/Viz_1_3.png Graphic file (type png)

<use ./images/cont1/Viz_1_3.png>
Package pdftex.def Info: ./images/cont1/Viz_1_3.png used on input line 57.
(pdftex.def)             Requested size: 90.3375pt x 92.57744pt.

Overfull \hbox (1.0pt too wide) in paragraph at lines 57--58
 [][] 
 []

<./images/cont1/Viz_1_4.png, id=1328, 242.9075pt x 248.93pt>
File: ./images/cont1/Viz_1_4.png Graphic file (type png)

<use ./images/cont1/Viz_1_4.png>
Package pdftex.def Info: ./images/cont1/Viz_1_4.png used on input line 65.
(pdftex.def)             Requested size: 90.3375pt x 92.57744pt.

Overfull \hbox (1.0pt too wide) in paragraph at lines 65--66
 [][] 
 []

<./images/cont1/Viz_1_10.png, id=1329, 242.9075pt x 248.93pt>
File: ./images/cont1/Viz_1_10.png Graphic file (type png)

<use ./images/cont1/Viz_1_10.png>
Package pdftex.def Info: ./images/cont1/Viz_1_10.png used on input line 73.
(pdftex.def)             Requested size: 90.3375pt x 92.57744pt.

Overfull \hbox (1.0pt too wide) in paragraph at lines 73--74
 [][] 
 []

<./images/cont1/Viz_1_12.png, id=1330, 242.9075pt x 248.93pt>
File: ./images/cont1/Viz_1_12.png Graphic file (type png)

<use ./images/cont1/Viz_1_12.png>
Package pdftex.def Info: ./images/cont1/Viz_1_12.png used on input line 81.
(pdftex.def)             Requested size: 90.3375pt x 92.57744pt.

Overfull \hbox (1.0pt too wide) in paragraph at lines 81--82
 [][] 
 []

[36 <C:/Users/aha/Documents/LEdProjects/dissertation/images/cont1/Viz_1_1.png> 
<C:/Users/aha/Documents/LEdProjects/dissertation/images/cont1/Viz_1_2.png> <C:/
Users/aha/Documents/LEdProjects/dissertation/images/cont1/Viz_1_3.png> <C:/User
s/aha/Documents/LEdProjects/dissertation/images/cont1/Viz_1_4.png> <C:/Users/ah
a/Documents/LEdProjects/dissertation/images/cont1/Viz_1_10.png> <C:/Users/aha/D
ocuments/LEdProjects/dissertation/images/cont1/Viz_1_12.png>]
Overfull \hbox (1.80539pt too wide) in paragraph at lines 97--98
[]\OT1/ppl/m/n/10.95 We adopted an over-all sim-pli-fy-ing con-struct for calo-
rie count-ing called ``CHIPs'': count-
 []

[37]
File: ./images/cont1/Viz_1_10.png Graphic file (type png)
 <use ./images/cont1/Viz_1_10.png>
Package pdftex.def Info: ./images/cont1/Viz_1_10.png used on input line 115.
(pdftex.def)             Requested size: 90.3375pt x 92.57744pt.

Overfull \hbox (1.0pt too wide) in paragraph at lines 115--116
 [][] 
 []

LaTeX Font Info:    Font shape `OT1/phv/bx/n' in size <10> not available
(Font)              Font shape `OT1/phv/b/n' tried instead on input line 116.
<./images/cont1/Viz_2_5.png, id=1354, 242.9075pt x 248.93pt>
File: ./images/cont1/Viz_2_5.png Graphic file (type png)

<use ./images/cont1/Viz_2_5.png>
Package pdftex.def Info: ./images/cont1/Viz_2_5.png used on input line 123.
(pdftex.def)             Requested size: 90.3375pt x 92.57744pt.

Overfull \hbox (1.0pt too wide) in paragraph at lines 123--124
 [][] 
 []

<./images/cont1/Viz_3_3.png, id=1355, 242.9075pt x 248.93pt>
File: ./images/cont1/Viz_3_3.png Graphic file (type png)

<use ./images/cont1/Viz_3_3.png>
Package pdftex.def Info: ./images/cont1/Viz_3_3.png used on input line 131.
(pdftex.def)             Requested size: 90.3375pt x 92.57744pt.

Overfull \hbox (1.0pt too wide) in paragraph at lines 131--132
 [][] 
 []

<./images/cont1/Viz_4_4.png, id=1356, 242.9075pt x 248.93pt>
File: ./images/cont1/Viz_4_4.png Graphic file (type png)

<use ./images/cont1/Viz_4_4.png>
Package pdftex.def Info: ./images/cont1/Viz_4_4.png used on input line 139.
(pdftex.def)             Requested size: 90.3375pt x 92.57744pt.

Overfull \hbox (1.0pt too wide) in paragraph at lines 139--140
 [][] 
 []

<./images/cont1/money.png, id=1357, 74.58264pt x 83.8332pt>
File: ./images/cont1/money.png Graphic file (type png)

<use ./images/cont1/money.png>
Package pdftex.def Info: ./images/cont1/money.png used on input line 147.
(pdftex.def)             Requested size: 90.3375pt x 101.5472pt.

Overfull \hbox (1.0pt too wide) in paragraph at lines 147--148
 [][] 
 []

<./images/cont1/Viz_6_1.png, id=1358, 240.9pt x 246.9225pt>
File: ./images/cont1/Viz_6_1.png Graphic file (type png)

<use ./images/cont1/Viz_6_1.png>
Package pdftex.def Info: ./images/cont1/Viz_6_1.png used on input line 155.
(pdftex.def)             Requested size: 90.3375pt x 92.5957pt.

Overfull \hbox (1.0pt too wide) in paragraph at lines 155--156
 [][] 
 []

<./images/cont1/Viz_8_4.png, id=1359, 240.9pt x 246.9225pt>
File: ./images/cont1/Viz_8_4.png Graphic file (type png)

<use ./images/cont1/Viz_8_4.png>
Package pdftex.def Info: ./images/cont1/Viz_8_4.png used on input line 163.
(pdftex.def)             Requested size: 90.3375pt x 92.5957pt.

Overfull \hbox (1.0pt too wide) in paragraph at lines 163--164
 [][] 
 []

[38 <C:/Users/aha/Documents/LEdProjects/dissertation/images/cont1/Viz_2_5.png> 
<C:/Users/aha/Documents/LEdProjects/dissertation/images/cont1/Viz_3_3.png> <C:/
Users/aha/Documents/LEdProjects/dissertation/images/cont1/Viz_4_4.png> <C:/User
s/aha/Documents/LEdProjects/dissertation/images/cont1/money.png (PNG copy)> <C:
/Users/aha/Documents/LEdProjects/dissertation/images/cont1/Viz_6_1.png> <C:/Use
rs/aha/Documents/LEdProjects/dissertation/images/cont1/Viz_8_4.png>]
Underfull \vbox (badness 10000) has occurred while \output is active []

 [39]
<./images/cont1/fig3a.jpg, id=1377, 240.9pt x 321.2pt>
File: ./images/cont1/fig3a.jpg Graphic file (type jpg)

<use ./images/cont1/fig3a.jpg>
Package pdftex.def Info: ./images/cont1/fig3a.jpg used on input line 200.
(pdftex.def)             Requested size: 90.3375pt x 120.4497pt.

Overfull \hbox (1.0pt too wide) in paragraph at lines 200--201
 [][] 
 []

<./images/cont1/fig3b.jpg, id=1378, 240.9pt x 321.2pt>
File: ./images/cont1/fig3b.jpg Graphic file (type jpg)

<use ./images/cont1/fig3b.jpg>
Package pdftex.def Info: ./images/cont1/fig3b.jpg used on input line 208.
(pdftex.def)             Requested size: 90.3375pt x 120.4497pt.

Overfull \hbox (1.0pt too wide) in paragraph at lines 208--209
 [][] 
 []

<./images/cont1/fig3c.jpg, id=1379, 240.9pt x 321.2pt>
File: ./images/cont1/fig3c.jpg Graphic file (type jpg)

<use ./images/cont1/fig3c.jpg>
Package pdftex.def Info: ./images/cont1/fig3c.jpg used on input line 216.
(pdftex.def)             Requested size: 90.3375pt x 120.4497pt.

Overfull \hbox (1.0pt too wide) in paragraph at lines 216--217
 [][] 
 []

<./images/cont1/fig3d.jpg, id=1380, 240.9pt x 321.2pt>
File: ./images/cont1/fig3d.jpg Graphic file (type jpg)

<use ./images/cont1/fig3d.jpg>
Package pdftex.def Info: ./images/cont1/fig3d.jpg used on input line 224.
(pdftex.def)             Requested size: 90.3375pt x 120.4497pt.

Overfull \hbox (1.0pt too wide) in paragraph at lines 224--225
 [][] 
 []

[40 <C:/Users/aha/Documents/LEdProjects/dissertation/images/cont1/fig3a.jpg> <C
:/Users/aha/Documents/LEdProjects/dissertation/images/cont1/fig3b.jpg> <C:/User
s/aha/Documents/LEdProjects/dissertation/images/cont1/fig3c.jpg> <C:/Users/aha/
Documents/LEdProjects/dissertation/images/cont1/fig3d.jpg>]
<./images/cont1/fig4a.jpg, id=1391, 240.9pt x 321.2pt>
File: ./images/cont1/fig4a.jpg Graphic file (type jpg)

<use ./images/cont1/fig4a.jpg>
Package pdftex.def Info: ./images/cont1/fig4a.jpg used on input line 241.
(pdftex.def)             Requested size: 90.3375pt x 120.4497pt.

Overfull \hbox (1.0pt too wide) in paragraph at lines 241--242
 [][] 
 []

<./images/cont1/fig4b.jpg, id=1392, 240.9pt x 321.2pt>
File: ./images/cont1/fig4b.jpg Graphic file (type jpg)

<use ./images/cont1/fig4b.jpg>
Package pdftex.def Info: ./images/cont1/fig4b.jpg used on input line 249.
(pdftex.def)             Requested size: 90.3375pt x 120.4497pt.

Overfull \hbox (1.0pt too wide) in paragraph at lines 249--250
 [][] 
 []

<./images/cont1/fig4c.jpg, id=1393, 240.9pt x 321.2pt>
File: ./images/cont1/fig4c.jpg Graphic file (type jpg)

<use ./images/cont1/fig4c.jpg>
Package pdftex.def Info: ./images/cont1/fig4c.jpg used on input line 257.
(pdftex.def)             Requested size: 90.3375pt x 120.4497pt.

Overfull \hbox (1.0pt too wide) in paragraph at lines 257--258
 [][] 
 []

<./images/cont1/fig4d.jpg, id=1394, 240.9pt x 321.2pt>
File: ./images/cont1/fig4d.jpg Graphic file (type jpg)

<use ./images/cont1/fig4d.jpg>
Package pdftex.def Info: ./images/cont1/fig4d.jpg used on input line 265.
(pdftex.def)             Requested size: 90.3375pt x 120.4497pt.

Overfull \hbox (1.0pt too wide) in paragraph at lines 265--266
 [][] 
 []

<./images/cont1/fig4e.jpg, id=1395, 240.9pt x 321.2pt>
File: ./images/cont1/fig4e.jpg Graphic file (type jpg)

<use ./images/cont1/fig4e.jpg>
Package pdftex.def Info: ./images/cont1/fig4e.jpg used on input line 273.
(pdftex.def)             Requested size: 90.3375pt x 120.4497pt.

Overfull \hbox (1.0pt too wide) in paragraph at lines 273--274
 [][] 
 []

<./images/cont1/fig4f.jpg, id=1396, 240.9pt x 321.2pt>
File: ./images/cont1/fig4f.jpg Graphic file (type jpg)

<use ./images/cont1/fig4f.jpg>
Package pdftex.def Info: ./images/cont1/fig4f.jpg used on input line 281.
(pdftex.def)             Requested size: 90.3375pt x 120.4497pt.

Overfull \hbox (1.0pt too wide) in paragraph at lines 281--282
 [][] 
 []

<./images/cont1/fig5a.jpg, id=1398, 240.9pt x 321.2pt>
File: ./images/cont1/fig5a.jpg Graphic file (type jpg)

<use ./images/cont1/fig5a.jpg>
Package pdftex.def Info: ./images/cont1/fig5a.jpg used on input line 295.
(pdftex.def)             Requested size: 90.3375pt x 120.4497pt.

Overfull \hbox (1.0pt too wide) in paragraph at lines 295--296
 [][] 
 []

<./images/cont1/fig5b.jpg, id=1399, 240.9pt x 321.2pt>
File: ./images/cont1/fig5b.jpg Graphic file (type jpg)

<use ./images/cont1/fig5b.jpg>
Package pdftex.def Info: ./images/cont1/fig5b.jpg used on input line 303.
(pdftex.def)             Requested size: 90.3375pt x 120.4497pt.

Overfull \hbox (1.0pt too wide) in paragraph at lines 303--304
 [][] 
 []

<./images/cont1/fig5c.jpg, id=1400, 240.9pt x 321.2pt>
File: ./images/cont1/fig5c.jpg Graphic file (type jpg)

<use ./images/cont1/fig5c.jpg>
Package pdftex.def Info: ./images/cont1/fig5c.jpg used on input line 311.
(pdftex.def)             Requested size: 90.3375pt x 120.4497pt.

Overfull \hbox (1.0pt too wide) in paragraph at lines 311--312
 [][] 
 []

<./images/cont1/fig5d.jpg, id=1401, 240.9pt x 321.2pt>
File: ./images/cont1/fig5d.jpg Graphic file (type jpg)

<use ./images/cont1/fig5d.jpg>
Package pdftex.def Info: ./images/cont1/fig5d.jpg used on input line 319.
(pdftex.def)             Requested size: 90.3375pt x 120.4497pt.

Overfull \hbox (1.0pt too wide) in paragraph at lines 319--320
 [][] 
 []

<./images/cont1/fig5e.jpg, id=1402, 240.9pt x 321.2pt>
File: ./images/cont1/fig5e.jpg Graphic file (type jpg)

<use ./images/cont1/fig5e.jpg>
Package pdftex.def Info: ./images/cont1/fig5e.jpg used on input line 327.
(pdftex.def)             Requested size: 90.3375pt x 120.4497pt.

Overfull \hbox (1.0pt too wide) in paragraph at lines 327--328
 [][] 
 []

<./images/cont1/fig5f.jpg, id=1403, 240.9pt x 321.2pt>
File: ./images/cont1/fig5f.jpg Graphic file (type jpg)

<use ./images/cont1/fig5f.jpg>
Package pdftex.def Info: ./images/cont1/fig5f.jpg used on input line 335.
(pdftex.def)             Requested size: 90.3375pt x 120.4497pt.

Overfull \hbox (1.0pt too wide) in paragraph at lines 335--336
 [][] 
 []

[41] [42 <C:/Users/aha/Documents/LEdProjects/dissertation/images/cont1/fig4a.jp
g> <C:/Users/aha/Documents/LEdProjects/dissertation/images/cont1/fig4b.jpg> <C:
/Users/aha/Documents/LEdProjects/dissertation/images/cont1/fig4c.jpg> <C:/Users
/aha/Documents/LEdProjects/dissertation/images/cont1/fig4d.jpg> <C:/Users/aha/D
ocuments/LEdProjects/dissertation/images/cont1/fig4e.jpg> <C:/Users/aha/Documen
ts/LEdProjects/dissertation/images/cont1/fig4f.jpg>] [43 <C:/Users/aha/Document
s/LEdProjects/dissertation/images/cont1/fig5a.jpg> <C:/Users/aha/Documents/LEdP
rojects/dissertation/images/cont1/fig5b.jpg> <C:/Users/aha/Documents/LEdProject
s/dissertation/images/cont1/fig5c.jpg> <C:/Users/aha/Documents/LEdProjects/diss
ertation/images/cont1/fig5d.jpg> <C:/Users/aha/Documents/LEdProjects/dissertati
on/images/cont1/fig5e.jpg> <C:/Users/aha/Documents/LEdProjects/dissertation/ima
ges/cont1/fig5f.jpg>]
Missing character: There is no ‘ in font pplr7t!
Missing character: There is no ’ in font pplr7t!
 [44]
LaTeX Font Info:    Font shape `OT1/phv/m/it' in size <10> not available
(Font)              Font shape `OT1/phv/m/sl' tried instead on input line 363.
Missing character: There is no ‘ in font phvr7t!
Missing character: There is no ’ in font phvr7t!
Missing character: There is no ‘ in font phvr7t!
Missing character: There is no ’ in font phvr7t!
Missing character: There is no ‘ in font phvr7t!
Missing character: There is no ’ in font phvr7t!
LaTeX Font Info:    Try loading font information for TS1+ppl on input line 383.


("C:\Program Files (x86)\MiKTeX 2.9\tex\latex\psnfss\ts1ppl.fd"
File: ts1ppl.fd 2001/06/04 font definitions for TS1/ppl.
) [45] [46]
<./images/cont1/fig6.jpg, id=1444, 240.9pt x 321.2pt>
File: ./images/cont1/fig6.jpg Graphic file (type jpg)

<use ./images/cont1/fig6.jpg>
Package pdftex.def Info: ./images/cont1/fig6.jpg used on input line 417.
(pdftex.def)             Requested size: 90.3375pt x 120.4497pt.

Underfull \vbox (badness 10000) has occurred while \output is active []

 [47 <C:/Users/aha/Documents/LEdProjects/dissertation/images/cont1/fig6.jpg>] [
48]
[49] [50]
Underfull \hbox (badness 10000) in paragraph at lines 475--476
[]|\OT1/phv/b/n/10 Nutritionist Pro Knowl-
 []

[51] [52] <./images/cont1/fig7a.png, id=1499, 180.675pt x 240.9pt>
File: ./images/cont1/fig7a.png Graphic file (type png)

<use ./images/cont1/fig7a.png>
Package pdftex.def Info: ./images/cont1/fig7a.png used on input line 515.
(pdftex.def)             Requested size: 90.3375pt x 120.44969pt.

Overfull \hbox (1.0pt too wide) in paragraph at lines 515--516
 [][] 
 []

<./images/cont1/fig7b.png, id=1500, 240.9pt x 180.675pt>
File: ./images/cont1/fig7b.png Graphic file (type png)

<use ./images/cont1/fig7b.png>
Package pdftex.def Info: ./images/cont1/fig7b.png used on input line 523.
(pdftex.def)             Requested size: 126.47249pt x 94.85303pt.

Overfull \hbox (1.0pt too wide) in paragraph at lines 523--524
 [][] 
 []

<./images/cont1/fig7c.png, id=1501, 240.9pt x 180.675pt>
File: ./images/cont1/fig7c.png Graphic file (type png)

<use ./images/cont1/fig7c.png>
Package pdftex.def Info: ./images/cont1/fig7c.png used on input line 531.
(pdftex.def)             Requested size: 126.47249pt x 94.85303pt.

Overfull \hbox (1.0pt too wide) in paragraph at lines 531--532
 [][] 
 []

<./images/cont1/fig7d.png, id=1502, 180.675pt x 240.9pt>
File: ./images/cont1/fig7d.png Graphic file (type png)

<use ./images/cont1/fig7d.png>
Package pdftex.def Info: ./images/cont1/fig7d.png used on input line 539.
(pdftex.def)             Requested size: 90.3375pt x 120.44969pt.

Overfull \hbox (1.0pt too wide) in paragraph at lines 539--540
 [][] 
 []

<./images/cont1/fig7e.png, id=1503, 180.675pt x 240.9pt>
File: ./images/cont1/fig7e.png Graphic file (type png)

<use ./images/cont1/fig7e.png>
Package pdftex.def Info: ./images/cont1/fig7e.png used on input line 547.
(pdftex.def)             Requested size: 90.3375pt x 120.44969pt.

Overfull \hbox (1.0pt too wide) in paragraph at lines 547--548
 [][] 
 []

<./images/cont1/fig7f.png, id=1504, 180.675pt x 240.9pt>
File: ./images/cont1/fig7f.png Graphic file (type png)

<use ./images/cont1/fig7f.png>
Package pdftex.def Info: ./images/cont1/fig7f.png used on input line 555.
(pdftex.def)             Requested size: 90.3375pt x 120.44969pt.

Overfull \hbox (1.0pt too wide) in paragraph at lines 555--556
 [][] 
 []

[53 <C:/Users/aha/Documents/LEdProjects/dissertation/images/cont1/fig7a.png> <C
:/Users/aha/Documents/LEdProjects/dissertation/images/cont1/fig7b.png> <C:/User
s/aha/Documents/LEdProjects/dissertation/images/cont1/fig7c.png> <C:/Users/aha/
Documents/LEdProjects/dissertation/images/cont1/fig7d.png> <C:/Users/aha/Docume
nts/LEdProjects/dissertation/images/cont1/fig7e.png> <C:/Users/aha/Documents/LE
dProjects/dissertation/images/cont1/fig7f.png>]
<./images/cont1/fig8a.png, id=1522, 180.675pt x 240.9pt>
File: ./images/cont1/fig8a.png Graphic file (type png)

<use ./images/cont1/fig8a.png>
Package pdftex.def Info: ./images/cont1/fig8a.png used on input line 579.
(pdftex.def)             Requested size: 90.3375pt x 120.44969pt.

Overfull \hbox (1.0pt too wide) in paragraph at lines 579--580
 [][] 
 []

<./images/cont1/fig8b.png, id=1523, 180.675pt x 240.9pt>
File: ./images/cont1/fig8b.png Graphic file (type png)

<use ./images/cont1/fig8b.png>
Package pdftex.def Info: ./images/cont1/fig8b.png used on input line 587.
(pdftex.def)             Requested size: 90.3375pt x 120.44969pt.

Overfull \hbox (1.0pt too wide) in paragraph at lines 587--588
 [][] 
 []

<./images/cont1/fig8c.png, id=1524, 180.675pt x 240.9pt>
File: ./images/cont1/fig8c.png Graphic file (type png)

<use ./images/cont1/fig8c.png>
Package pdftex.def Info: ./images/cont1/fig8c.png used on input line 595.
(pdftex.def)             Requested size: 90.3375pt x 120.44969pt.

Overfull \hbox (1.0pt too wide) in paragraph at lines 595--596
 [][] 
 []

[54] <./images/cont1/fig9.png, id=1531, 180.675pt x 240.9pt>
File: ./images/cont1/fig9.png Graphic file (type png)

<use ./images/cont1/fig9.png>
Package pdftex.def Info: ./images/cont1/fig9.png used on input line 610.
(pdftex.def)             Requested size: 90.3375pt x 120.44969pt.
 [55 <C:/Users/aha/Documents/LEdProjects/dissertation/images/cont1/fig8a.png> <
C:/Users/aha/Documents/LEdProjects/dissertation/images/cont1/fig8b.png> <C:/Use
rs/aha/Documents/LEdProjects/dissertation/images/cont1/fig8c.png>] <./images/co
nt1/fig10a.png, id=1542, 180.675pt x 240.9pt>
File: ./images/cont1/fig10a.png Graphic file (type png)

<use ./images/cont1/fig10a.png>
Package pdftex.def Info: ./images/cont1/fig10a.png used on input line 626.
(pdftex.def)             Requested size: 90.3375pt x 120.44969pt.

Overfull \hbox (1.0pt too wide) in paragraph at lines 626--627
 [][] 
 []

<./images/cont1/fig10b.png, id=1543, 180.675pt x 240.9pt>
File: ./images/cont1/fig10b.png Graphic file (type png)

<use ./images/cont1/fig10b.png>
Package pdftex.def Info: ./images/cont1/fig10b.png used on input line 634.
(pdftex.def)             Requested size: 90.3375pt x 120.44969pt.

Overfull \hbox (1.0pt too wide) in paragraph at lines 634--635
 [][] 
 []

<./images/cont1/fig10c.png, id=1544, 180.675pt x 240.9pt>
File: ./images/cont1/fig10c.png Graphic file (type png)

<use ./images/cont1/fig10c.png>
Package pdftex.def Info: ./images/cont1/fig10c.png used on input line 642.
(pdftex.def)             Requested size: 90.3375pt x 120.44969pt.

Overfull \hbox (1.0pt too wide) in paragraph at lines 642--643
 [][] 
 []

<./images/cont1/fig10d.png, id=1545, 180.675pt x 240.9pt>
File: ./images/cont1/fig10d.png Graphic file (type png)

<use ./images/cont1/fig10d.png>
Package pdftex.def Info: ./images/cont1/fig10d.png used on input line 650.
(pdftex.def)             Requested size: 90.3375pt x 120.44969pt.

Overfull \hbox (1.0pt too wide) in paragraph at lines 650--651
 [][] 
 []

[56 <C:/Users/aha/Documents/LEdProjects/dissertation/images/cont1/fig9.png>]
[57 <C:/Users/aha/Documents/LEdProjects/dissertation/images/cont1/fig10a.png> <
C:/Users/aha/Documents/LEdProjects/dissertation/images/cont1/fig10b.png> <C:/Us
ers/aha/Documents/LEdProjects/dissertation/images/cont1/fig10c.png> <C:/Users/a
ha/Documents/LEdProjects/dissertation/images/cont1/fig10d.png>] [58]
<./images/cont1/fig11a.png, id=1563, 180.675pt x 240.9pt>
File: ./images/cont1/fig11a.png Graphic file (type png)

<use ./images/cont1/fig11a.png>
Package pdftex.def Info: ./images/cont1/fig11a.png used on input line 691.
(pdftex.def)             Requested size: 90.3375pt x 120.44969pt.

Overfull \hbox (1.0pt too wide) in paragraph at lines 691--692
 [][] 
 []

<./images/cont1/fig11b.png, id=1564, 180.675pt x 240.9pt>
File: ./images/cont1/fig11b.png Graphic file (type png)

<use ./images/cont1/fig11b.png>
Package pdftex.def Info: ./images/cont1/fig11b.png used on input line 699.
(pdftex.def)             Requested size: 90.3375pt x 120.44969pt.

Overfull \hbox (1.0pt too wide) in paragraph at lines 699--700
 [][] 
 []

<./images/cont1/fig11c.png, id=1565, 180.675pt x 240.9pt>
File: ./images/cont1/fig11c.png Graphic file (type png)

<use ./images/cont1/fig11c.png>
Package pdftex.def Info: ./images/cont1/fig11c.png used on input line 707.
(pdftex.def)             Requested size: 90.3375pt x 120.44969pt.

Overfull \hbox (1.0pt too wide) in paragraph at lines 707--708
 [][] 
 []

<./images/cont1/fig11d.png, id=1566, 180.675pt x 240.9pt>
File: ./images/cont1/fig11d.png Graphic file (type png)

<use ./images/cont1/fig11d.png>
Package pdftex.def Info: ./images/cont1/fig11d.png used on input line 715.
(pdftex.def)             Requested size: 90.3375pt x 120.44969pt.

Overfull \hbox (1.0pt too wide) in paragraph at lines 715--716
 [][] 
 []

[59] <./images/cont1/fig12.png, id=1573, 958.3303pt x 602.25pt>
File: ./images/cont1/fig12.png Graphic file (type png)

<use ./images/cont1/fig12.png>
Package pdftex.def Info: ./images/cont1/fig12.png used on input line 734.
(pdftex.def)             Requested size: 397.48499pt x 249.79124pt.

Underfull \vbox (badness 2762) has occurred while \output is active []

 [60 <C:/Users/aha/Documents/LEdProjects/dissertation/images/cont1/fig11a.png> 
<C:/Users/aha/Documents/LEdProjects/dissertation/images/cont1/fig11b.p