\BOOKMARK [0][-]{chapter*.2}{List of Figures}{}% 1
\BOOKMARK [0][-]{chapter*.3}{List of Tables}{}% 2
\BOOKMARK [0][-]{chapter*.4}{Glossary}{}% 3
\BOOKMARK [0][-]{chapter.1}{Introduction}{}% 4
\BOOKMARK [1][-]{section.1.1}{Introduction}{chapter.1}% 5
\BOOKMARK [1][-]{section.1.2}{Roadmap}{chapter.1}% 6
\BOOKMARK [0][-]{chapter.2}{Background and Related Work}{}% 7
\BOOKMARK [1][-]{section.2.1}{Temp: drafting}{chapter.2}% 8
\BOOKMARK [1][-]{section.2.2}{Background}{chapter.2}% 9
\BOOKMARK [1][-]{section.2.3}{Breaking it down}{chapter.2}% 10
\BOOKMARK [2][-]{subsection.2.3.1}{Psychology/Behavior change}{section.2.3}% 11
\BOOKMARK [2][-]{subsection.2.3.2}{}{section.2.3}% 12
\BOOKMARK [2][-]{subsection.2.3.3}{Self-Monitoring for Health}{section.2.3}% 13
\BOOKMARK [2][-]{subsection.2.3.4}{Evaluation of Electronic Self-Monitoring}{section.2.3}% 14
\BOOKMARK [3][-]{subsubsection.2.3.4.1}{Nutrition-Related work}{subsection.2.3.4}% 15
\BOOKMARK [3][-]{subsubsection.2.3.4.2}{Technology-oriented work}{subsection.2.3.4}% 16
\BOOKMARK [1][-]{section.2.4}{Related Work}{chapter.2}% 17
\BOOKMARK [0][-]{chapter.3}{Contribution 1: BALANCE}{}% 18
\BOOKMARK [1][-]{section.3.1}{Introduction}{chapter.3}% 19
\BOOKMARK [2][-]{subsection.3.1.1}{Project Overview}{section.3.1}% 20
\BOOKMARK [1][-]{section.3.2}{Fuel-Gauge Visualization}{chapter.3}% 21
\BOOKMARK [2][-]{subsection.3.2.1}{Participants}{section.3.2}% 22
\BOOKMARK [2][-]{subsection.3.2.2}{Procedure}{section.3.2}% 23
\BOOKMARK [2][-]{subsection.3.2.3}{Instruments}{section.3.2}% 24
\BOOKMARK [2][-]{subsection.3.2.4}{Results and Discussion}{section.3.2}% 25
\BOOKMARK [1][-]{section.3.3}{Prototype, V1 \(Feature Phone \046 USDA Food Database\)}{chapter.3}% 26
\BOOKMARK [2][-]{subsection.3.3.1}{Description}{section.3.3}% 27
\BOOKMARK [2][-]{subsection.3.3.2}{Database Optimization and Querying}{section.3.3}% 28
\BOOKMARK [2][-]{subsection.3.3.3}{Observations}{section.3.3}% 29
\BOOKMARK [3][-]{subsubsection.3.3.3.1}{Text entry was too hard}{subsection.3.3.3}% 30
\BOOKMARK [3][-]{subsubsection.3.3.3.2}{Too long to search}{subsection.3.3.3}% 31
\BOOKMARK [3][-]{subsubsection.3.3.3.3}{It was difficult to find and choose a food}{subsection.3.3.3}% 32
\BOOKMARK [3][-]{subsubsection.3.3.3.4}{Long names do not fit on the screen.}{subsection.3.3.3}% 33
\BOOKMARK [3][-]{subsubsection.3.3.3.5}{No entries for common prepared foods. }{subsection.3.3.3}% 34
\BOOKMARK [3][-]{subsubsection.3.3.3.6}{For some foods, many items to choose from.}{subsection.3.3.3}% 35
\BOOKMARK [2][-]{subsection.3.3.4}{Discussion}{section.3.3}% 36
\BOOKMARK [1][-]{section.3.4}{Food Databases}{chapter.3}% 37
\BOOKMARK [1][-]{section.3.5}{Food Diary: Iterative Design And Evaluation}{chapter.3}% 38
\BOOKMARK [2][-]{subsection.3.5.1}{Overall Design}{section.3.5}% 39
\BOOKMARK [3][-]{subsubsection.3.5.1.1}{Food Diary Software}{subsection.3.5.1}% 40
\BOOKMARK [2][-]{subsection.3.5.2}{Selected Features and Feedback}{section.3.5}% 41
\BOOKMARK [3][-]{subsubsection.3.5.2.1}{Touch-friendly screen design }{subsection.3.5.2}% 42
\BOOKMARK [3][-]{subsubsection.3.5.2.2}{Create new food database entry}{subsection.3.5.2}% 43
\BOOKMARK [3][-]{subsubsection.3.5.2.3}{Favorite foods and meals}{subsection.3.5.2}% 44
\BOOKMARK [2][-]{subsection.3.5.3}{Database Query Details}{section.3.5}% 45
\BOOKMARK [2][-]{subsection.3.5.4}{Metrics}{section.3.5}% 46
\BOOKMARK [1][-]{section.3.6}{Validating BALANCE}{chapter.3}% 47
\BOOKMARK [2][-]{subsection.3.6.1}{Final BALANCE Software}{section.3.6}% 48
\BOOKMARK [2][-]{subsection.3.6.2}{24-hr recall software. }{section.3.6}% 49
\BOOKMARK [2][-]{subsection.3.6.3}{Metrics}{section.3.6}% 50
\BOOKMARK [3][-]{subsubsection.3.6.3.1}{Overview}{subsection.3.6.3}% 51
\BOOKMARK [3][-]{subsubsection.3.6.3.2}{App starts over time}{subsection.3.6.3}% 52
\BOOKMARK [3][-]{subsubsection.3.6.3.3}{When entries are made}{subsection.3.6.3}% 53
\BOOKMARK [3][-]{subsubsection.3.6.3.4}{Entry creation time}{subsection.3.6.3}% 54
\BOOKMARK [3][-]{subsubsection.3.6.3.5}{Food eaten time}{subsection.3.6.3}% 55
\BOOKMARK [3][-]{subsubsection.3.6.3.6}{Comparing entry creation and food eaten time}{subsection.3.6.3}% 56
\BOOKMARK [3][-]{subsubsection.3.6.3.7}{Entry edits}{subsection.3.6.3}% 57
\BOOKMARK [3][-]{subsubsection.3.6.3.8}{Number Of Combos/Favorites And Their Use}{subsection.3.6.3}% 58
\BOOKMARK [3][-]{subsubsection.3.6.3.9}{Putting it all together }{subsection.3.6.3}% 59
\BOOKMARK [2][-]{subsection.3.6.4}{Discussion }{section.3.6}% 60
\BOOKMARK [1][-]{section.3.7}{Overall Discussion}{chapter.3}% 61
\BOOKMARK [1][-]{section.3.8}{Summary}{chapter.3}% 62
\BOOKMARK [0][-]{chapter.4}{CONTRIBUTION 2: Investigating Food Index-Based Food Diaries In The Lab}{}% 63
\BOOKMARK [1][-]{section.4.1}{Introduction}{chapter.4}% 64
\BOOKMARK [1][-]{section.4.2}{Food Indexes: Analyzing Diet Quality}{chapter.4}% 65
\BOOKMARK [2][-]{subsection.4.2.1}{The Healthy Eating Index-2005 }{section.4.2}% 66
\BOOKMARK [2][-]{subsection.4.2.2}{The Food-Based Quality Index}{section.4.2}% 67
\BOOKMARK [1][-]{section.4.3}{Food Tasks: Food Diary Evaluation Methodology}{chapter.4}% 68
\BOOKMARK [1][-]{section.4.4}{Comparing Food Index-Based Mobile Phone Food Diaries}{chapter.4}% 69
\BOOKMARK [2][-]{subsection.4.4.1}{Research Aims}{section.4.4}% 70
\BOOKMARK [2][-]{subsection.4.4.2}{Study Design}{section.4.4}% 71
\BOOKMARK [2][-]{subsection.4.4.3}{Instruments}{section.4.4}% 72
\BOOKMARK [3][-]{subsubsection.4.4.3.1}{HEI}{subsection.4.4.3}% 73
\BOOKMARK [3][-]{subsubsection.4.4.3.2}{FBQI}{subsection.4.4.3}% 74
\BOOKMARK [3][-]{subsubsection.4.4.3.3}{BALANCE}{subsection.4.4.3}% 75
\BOOKMARK [2][-]{subsection.4.4.4}{Participants}{section.4.4}% 76
\BOOKMARK [2][-]{subsection.4.4.5}{Procedure}{section.4.4}% 77
\BOOKMARK [2][-]{subsection.4.4.6}{Tasks}{section.4.4}% 78
\BOOKMARK [2][-]{subsection.4.4.7}{Study Design Limitations}{section.4.4}% 79
\BOOKMARK [2][-]{subsection.4.4.8}{Data Collected}{section.4.4}% 80
\BOOKMARK [2][-]{subsection.4.4.9}{Hypotheses}{section.4.4}% 81
\BOOKMARK [2][-]{subsection.4.4.10}{Data Analysis and Results}{section.4.4}% 82
\BOOKMARK [3][-]{subsubsection.4.4.10.1}{Analysis Approach}{subsection.4.4.10}% 83
\BOOKMARK [3][-]{subsubsection.4.4.10.2}{Results}{subsection.4.4.10}% 84
\BOOKMARK [2][-]{subsection.4.4.11}{Discussion}{section.4.4}% 85
\BOOKMARK [3][-]{subsubsection.4.4.11.1}{Design Recommendations for Index-Based Food Journal}{subsection.4.4.11}% 86
\BOOKMARK [3][-]{subsubsection.4.4.11.2}{Include Attainment As Well As Moderation Components}{subsection.4.4.11}% 87
\BOOKMARK [3][-]{subsubsection.4.4.11.3}{Provide A Tool To Count Specific Foods}{subsection.4.4.11}% 88
\BOOKMARK [3][-]{subsubsection.4.4.11.4}{Identify What Was Entered}{subsection.4.4.11}% 89
\BOOKMARK [1][-]{section.4.5}{Summary}{chapter.4}% 90
\BOOKMARK [0][-]{chapter.5}{CONTRIBUTION 3: Research Questions And The Design Of Pond}{}% 91
\BOOKMARK [1][-]{section.5.1}{Introduction}{chapter.5}% 92
\BOOKMARK [1][-]{section.5.2}{Research Aims}{chapter.5}% 93
\BOOKMARK [2][-]{subsection.5.2.1}{Primary Research Question: }{section.5.2}% 94
\BOOKMARK [2][-]{subsection.5.2.2}{Secondary Research Question: }{section.5.2}% 95
\BOOKMARK [1][-]{section.5.3}{Overarching Design Considerations}{chapter.5}% 96
\BOOKMARK [2][-]{subsection.5.3.1}{Potential Challenge: Increasing entry time; combining analysis \046 entry on one page;}{section.5.3}% 97
\BOOKMARK [3][-]{subsubsection.5.3.1.1}{Direct Manipulation Versus ``Fill Out A Form'' Entry}{subsection.5.3.1}% 98
\BOOKMARK [3][-]{subsubsection.5.3.1.2}{Quick-Add Versus Add-Earlier-Entry}{subsection.5.3.1}% 99
\BOOKMARK [2][-]{subsection.5.3.2}{Potential Challenge: How to count a food}{section.5.3}% 100
\BOOKMARK [3][-]{subsubsection.5.3.2.1}{Looking Up Food Entries}{subsection.5.3.2}% 101
\BOOKMARK [2][-]{subsection.5.3.3}{Potential Challenge: Serving sizes}{section.5.3}% 102
\BOOKMARK [3][-]{subsubsection.5.3.3.1}{Serving Sizes}{subsection.5.3.3}% 103
\BOOKMARK [2][-]{subsection.5.3.4}{Potential Challenge: Not knowing if you've entered something or not}{section.5.3}% 104
\BOOKMARK [3][-]{subsubsection.5.3.4.1}{Time- And Location-Based Analysis}{subsection.5.3.4}% 105
\BOOKMARK [3][-]{subsubsection.5.3.4.2}{Grouping Entries}{subsection.5.3.4}% 106
\BOOKMARK [3][-]{subsubsection.5.3.4.3}{Shortcuts/Combos}{subsection.5.3.4}% 107
\BOOKMARK [1][-]{section.5.4}{Design}{chapter.5}% 108
\BOOKMARK [2][-]{subsection.5.4.1}{Home Screen/Launch Activity}{section.5.4}% 109
\BOOKMARK [2][-]{subsection.5.4.2}{Daily Entries}{section.5.4}% 110
\BOOKMARK [2][-]{subsection.5.4.3}{Create Custom, Frequently-Eaten Foods}{section.5.4}% 111
\BOOKMARK [2][-]{subsection.5.4.4}{Change Goals Screen}{section.5.4}% 112
\BOOKMARK [2][-]{subsection.5.4.5}{Search process/screens}{section.5.4}% 113
\BOOKMARK [2][-]{subsection.5.4.6}{Editing Entries}{section.5.4}% 114
\BOOKMARK [2][-]{subsection.5.4.7}{Weekly Feedback}{section.5.4}% 115
\BOOKMARK [1][-]{section.5.5}{Summary}{chapter.5}% 116
\BOOKMARK [0][-]{chapter.6}{Contribution 4: POND Evaluation}{}% 117
\BOOKMARK [1][-]{section.6.1}{Evaluation Overview/organization}{chapter.6}% 118
\BOOKMARK [1][-]{section.6.2}{In-Lab Evaluation}{chapter.6}% 119
\BOOKMARK [2][-]{subsubsection.6.2.0.1}{Research Questions/Goals}{section.6.2}% 120
\BOOKMARK [2][-]{subsection.6.2.1}{Experiment Design}{section.6.2}% 121
\BOOKMARK [3][-]{subsubsection.6.2.1.1}{Procedure}{subsection.6.2.1}% 122
\BOOKMARK [3][-]{subsubsection.6.2.1.2}{Tasks}{subsection.6.2.1}% 123
\BOOKMARK [3][-]{subsubsection.6.2.1.3}{Participants\205 Pilot}{subsection.6.2.1}% 124
\BOOKMARK [3][-]{subsubsection.6.2.1.4}{Participants}{subsection.6.2.1}% 125
\BOOKMARK [2][-]{subsection.6.2.2}{Data Collected/Measures}{section.6.2}% 126
\BOOKMARK [3][-]{subsubsection.6.2.2.1}{Study Design Limitations}{subsection.6.2.2}% 127
\BOOKMARK [2][-]{subsection.6.2.3}{Results}{section.6.2}% 128
\BOOKMARK [3][-]{subsubsection.6.2.3.1}{Component Counts}{subsection.6.2.3}% 129
\BOOKMARK [3][-]{subsubsection.6.2.3.2}{Entry Strategy}{subsection.6.2.3}% 130
\BOOKMARK [3][-]{subsubsection.6.2.3.3}{Search Terms}{subsection.6.2.3}% 131
\BOOKMARK [3][-]{subsubsection.6.2.3.4}{Likes/Dislikes}{subsection.6.2.3}% 132
\BOOKMARK [2][-]{subsection.6.2.4}{Discussion\205 In lab}{section.6.2}% 133
\BOOKMARK [1][-]{section.6.3}{In-situ Study}{chapter.6}% 134
\BOOKMARK [2][-]{subsection.6.3.1}{Evaluation Design}{section.6.3}% 135
\BOOKMARK [3][-]{subsubsection.6.3.1.1}{Procedure}{subsection.6.3.1}% 136
\BOOKMARK [3][-]{subsubsection.6.3.1.2}{Study Design Limitations}{subsection.6.3.1}% 137
\BOOKMARK [2][-]{subsection.6.3.2}{Data Collected/Measures}{section.6.3}% 138
\BOOKMARK [2][-]{subsection.6.3.3}{Results}{section.6.3}% 139
\BOOKMARK [3][-]{subsubsection.6.3.3.1}{Entry strategy}{subsection.6.3.3}% 140
\BOOKMARK [3][-]{subsubsection.6.3.3.2}{Search Terms}{subsection.6.3.3}% 141
\BOOKMARK [3][-]{subsubsection.6.3.3.3}{Overall Component Counts}{subsection.6.3.3}% 142
\BOOKMARK [3][-]{subsubsection.6.3.3.4}{Guided Interview}{subsection.6.3.3}% 143
\BOOKMARK [2][-]{subsection.6.3.4}{Discussion}{section.6.3}% 144
\BOOKMARK [1][-]{section.6.4}{Overall POND Observations and Discussion}{chapter.6}% 145
\BOOKMARK [2][-]{subsection.6.4.1}{How}{section.6.4}% 146
\BOOKMARK [2][-]{subsection.6.4.2}{What}{section.6.4}% 147
\BOOKMARK [0][-]{chapter.7}{Future Work and Conclusion}{}% 148
\BOOKMARK [1][-]{section.7.1}{Overarching Themes}{chapter.7}% 149
\BOOKMARK [0][-]{chapter*.57}{Bibliography}{}% 150
\BOOKMARK [0][-]{appendix.A}{In-Lab Interface Comparison Surveys}{}% 151
\BOOKMARK [1][-]{section.A.1}{Initial Survey}{appendix.A}% 152
\BOOKMARK [1][-]{section.A.2}{TLX Surveys \(after each condition\)}{appendix.A}% 153
\BOOKMARK [1][-]{section.A.3}{TLX:Demand and Preferences}{appendix.A}% 154
\BOOKMARK [1][-]{section.A.4}{Final Survey}{appendix.A}% 155
\BOOKMARK [0][-]{appendix.B}{POND In-Lab Surveys}{}% 156
\BOOKMARK [1][-]{section.B.1}{Initial Survey}{appendix.B}% 157
\BOOKMARK [1][-]{section.B.2}{TLX:Demand and Preferences}{appendix.B}% 158
\BOOKMARK [1][-]{section.B.3}{Post-Study Questionnaire}{appendix.B}% 159
\BOOKMARK [0][-]{appendix.C}{POND in situ Surveys}{}% 160
\BOOKMARK [1][-]{section.C.1}{Weekly Survey}{appendix.C}% 161
\BOOKMARK [1][-]{section.C.2}{Final Guided Interview Questions}{appendix.C}% 162
